<?xml version="1.0" encoding="UTF-8"?>
<Site BuildName="(empty)"
	BuildStamp="20240809-2150-Experimental"
	Name="(empty)"
	Generator="ctest-3.27.8"
	CompilerName=""
	CompilerVersion=""
	OSName="Windows"
	Hostname="cadmium"
	OSRelease=" Professional"
	OSVersion=" (Build 19045)"
	OSPlatform="AMD64"
	Is64Bits="1"
	VendorString="AuthenticAMD"
	VendorID="Advanced Micro Devices"
	FamilyID="15"
	ModelID="1"
	ProcessorCacheSize="64"
	NumberOfLogicalCPU="16"
	NumberOfPhysicalCPU="8"
	TotalVirtualMemory="37553"
	TotalPhysicalMemory="32689"
	LogicalProcessorsPerPhysical="2"
	ProcessorClockFrequency="3900"
	>
	<Testing>
		<StartDateTime>Aug 09 17:50 Eastern Daylight Time</StartDateTime>
		<StartTestTime>1723240252</StartTestTime>
		<TestList/>
		<EndDateTime>Aug 09 17:50 Eastern Daylight Time</EndDateTime>
		<EndTestTime>1723240252</EndTestTime>
		<ElapsedMinutes>0</ElapsedMinutes>
	</Testing>
</Site>
